<testsuites name="jest tests" tests="549" failures="0" time="11.399">
  <testsuite name="TextInput tests" errors="0" failures="0" skipped="0" timestamp="2019-02-09T00:27:01" time="1.131" tests="2">
    <testcase classname="TextInput tests has expected instance functions" name="TextInput tests has expected instance functions" time="0.255">
    </testcase>
    <testcase classname="TextInput tests calls onChange callbacks" name="TextInput tests calls onChange callbacks" time="0.029">
    </testcase>
  </testsuite>
  <testsuite name="Animated tests" errors="0" failures="0" skipped="1" timestamp="2019-02-09T00:27:01" time="1.782" tests="42">
    <testcase classname="Animated tests Animated works end to end" name="Animated tests Animated works end to end" time="0.046">
    </testcase>
    <testcase classname="Animated tests Animated does not detach on updates" name="Animated tests Animated does not detach on updates" time="0.028">
    </testcase>
    <testcase classname="Animated tests Animated stops animation when detached" name="Animated tests Animated stops animation when detached" time="0.024">
    </testcase>
    <testcase classname="Animated tests Animated triggers callback when spring is at rest" name="Animated tests Animated triggers callback when spring is at rest" time="0.011">
    </testcase>
    <testcase classname="Animated tests Animated send toValue when an underdamped spring stops" name="Animated tests Animated send toValue when an underdamped spring stops" time="0">
      <skipped/>
    </testcase>
    <testcase classname="Animated tests Animated send toValue when a critically damped spring stops" name="Animated tests Animated send toValue when a critically damped spring stops" time="0.204">
    </testcase>
    <testcase classname="Animated tests Animated convert to JSON" name="Animated tests Animated convert to JSON" time="0.003">
    </testcase>
    <testcase classname="Animated tests Animated Sequence works with an empty sequence" name="Animated tests Animated Sequence works with an empty sequence" time="0.003">
    </testcase>
    <testcase classname="Animated tests Animated Sequence sequences well" name="Animated tests Animated Sequence sequences well" time="0.004">
    </testcase>
    <testcase classname="Animated tests Animated Sequence supports interrupting sequence" name="Animated tests Animated Sequence supports interrupting sequence" time="0.003">
    </testcase>
    <testcase classname="Animated tests Animated Sequence supports stopping sequence" name="Animated tests Animated Sequence supports stopping sequence" time="0.006">
    </testcase>
    <testcase classname="Animated tests Animated Loop loops indefinitely if config not specified" name="Animated tests Animated Loop loops indefinitely if config not specified" time="0.006">
    </testcase>
    <testcase classname="Animated tests Animated Loop loops indefinitely if iterations is -1" name="Animated tests Animated Loop loops indefinitely if iterations is -1" time="0.004">
    </testcase>
    <testcase classname="Animated tests Animated Loop loops indefinitely if iterations not specified" name="Animated tests Animated Loop loops indefinitely if iterations not specified" time="0.016">
    </testcase>
    <testcase classname="Animated tests Animated Loop loops three times if iterations is 3" name="Animated tests Animated Loop loops three times if iterations is 3" time="0.004">
    </testcase>
    <testcase classname="Animated tests Animated Loop does not loop if iterations is 1" name="Animated tests Animated Loop does not loop if iterations is 1" time="0.002">
    </testcase>
    <testcase classname="Animated tests Animated Loop does not animate if iterations is 0" name="Animated tests Animated Loop does not animate if iterations is 0" time="0.003">
    </testcase>
    <testcase classname="Animated tests Animated Loop supports interrupting an indefinite loop" name="Animated tests Animated Loop supports interrupting an indefinite loop" time="0.003">
    </testcase>
    <testcase classname="Animated tests Animated Loop supports stopping loop" name="Animated tests Animated Loop supports stopping loop" time="0.002">
    </testcase>
    <testcase classname="Animated tests Animated Parallel works with an empty parallel" name="Animated tests Animated Parallel works with an empty parallel" time="0.003">
    </testcase>
    <testcase classname="Animated tests Animated Parallel works with an empty element in array" name="Animated tests Animated Parallel works with an empty element in array" time="0.002">
    </testcase>
    <testcase classname="Animated tests Animated Parallel parellelizes well" name="Animated tests Animated Parallel parellelizes well" time="0.003">
    </testcase>
    <testcase classname="Animated tests Animated Parallel supports stopping parallel" name="Animated tests Animated Parallel supports stopping parallel" time="0.003">
    </testcase>
    <testcase classname="Animated tests Animated Parallel does not call stop more than once when stopping" name="Animated tests Animated Parallel does not call stop more than once when stopping" time="0.003">
    </testcase>
    <testcase classname="Animated tests Animated delays should call anim after delay in sequence" name="Animated tests Animated delays should call anim after delay in sequence" time="0.014">
    </testcase>
    <testcase classname="Animated tests Animated delays should run stagger to end" name="Animated tests Animated delays should run stagger to end" time="0.006">
    </testcase>
    <testcase classname="Animated tests Animated Events should map events" name="Animated tests Animated Events should map events" time="0.003">
    </testcase>
    <testcase classname="Animated tests Animated Events should call listeners" name="Animated tests Animated Events should call listeners" time="0.003">
    </testcase>
    <testcase classname="Animated tests Animated Events should call forked event listeners, with Animated.event() listener" name="Animated tests Animated Events should call forked event listeners, with Animated.event() listener" time="0.002">
    </testcase>
    <testcase classname="Animated tests Animated Events should call forked event listeners, with js listener" name="Animated tests Animated Events should call forked event listeners, with js listener" time="0.002">
    </testcase>
    <testcase classname="Animated tests Animated Events should call forked event listeners, with undefined listener" name="Animated tests Animated Events should call forked event listeners, with undefined listener" time="0.003">
    </testcase>
    <testcase classname="Animated tests Animated Interactions registers an interaction by default" name="Animated tests Animated Interactions registers an interaction by default" time="0.107">
    </testcase>
    <testcase classname="Animated tests Animated Interactions does not register an interaction when specified" name="Animated tests Animated Interactions does not register an interaction when specified" time="0.107">
    </testcase>
    <testcase classname="Animated tests Animated Tracking should track values" name="Animated tests Animated Tracking should track values" time="0.009">
    </testcase>
    <testcase classname="Animated tests Animated Tracking should track interpolated values" name="Animated tests Animated Tracking should track interpolated values" time="0.005">
    </testcase>
    <testcase classname="Animated tests Animated Tracking should stop tracking when animated" name="Animated tests Animated Tracking should stop tracking when animated" time="0.007">
    </testcase>
    <testcase classname="Animated tests Animated Vectors should animate vectors" name="Animated tests Animated Vectors should animate vectors" time="0.008">
    </testcase>
    <testcase classname="Animated tests Animated Vectors should track vectors" name="Animated tests Animated Vectors should track vectors" time="0.008">
    </testcase>
    <testcase classname="Animated tests Animated Vectors should track with springs" name="Animated tests Animated Vectors should track with springs" time="0.244">
    </testcase>
    <testcase classname="Animated tests Animated Listeners should get updates" name="Animated tests Animated Listeners should get updates" time="0.002">
    </testcase>
    <testcase classname="Animated tests Animated Listeners should removeAll" name="Animated tests Animated Listeners should removeAll" time="0.004">
    </testcase>
    <testcase classname="Animated tests Animated Diff Clamp should get the proper value" name="Animated tests Animated Diff Clamp should get the proper value" time="0.006">
    </testcase>
  </testsuite>
  <testsuite name="GenerateViewConfigJs" errors="0" failures="0" skipped="0" timestamp="2019-02-09T00:27:02" time="0.852" tests="10">
    <testcase classname="GenerateViewConfigJs can generate fixture SINGLE_COMPONENT_WITH_BOOLEAN_PROP" name="GenerateViewConfigJs can generate fixture SINGLE_COMPONENT_WITH_BOOLEAN_PROP" time="0.513">
    </testcase>
    <testcase classname="GenerateViewConfigJs can generate fixture SINGLE_COMPONENT_WITH_COLOR_PROP" name="GenerateViewConfigJs can generate fixture SINGLE_COMPONENT_WITH_COLOR_PROP" time="0.014">
    </testcase>
    <testcase classname="GenerateViewConfigJs can generate fixture SINGLE_COMPONENT_WITH_ENUM_PROP" name="GenerateViewConfigJs can generate fixture SINGLE_COMPONENT_WITH_ENUM_PROP" time="0.007">
    </testcase>
    <testcase classname="GenerateViewConfigJs can generate fixture SINGLE_COMPONENT_WITH_EVENT_NESTED_OBJECT_PROPS" name="GenerateViewConfigJs can generate fixture SINGLE_COMPONENT_WITH_EVENT_NESTED_OBJECT_PROPS" time="0.012">
    </testcase>
    <testcase classname="GenerateViewConfigJs can generate fixture SINGLE_COMPONENT_WITH_EVENT_PROPS" name="GenerateViewConfigJs can generate fixture SINGLE_COMPONENT_WITH_EVENT_PROPS" time="0.011">
    </testcase>
    <testcase classname="GenerateViewConfigJs can generate fixture SINGLE_COMPONENT_WITH_FLOAT_PROPS" name="GenerateViewConfigJs can generate fixture SINGLE_COMPONENT_WITH_FLOAT_PROPS" time="0.011">
    </testcase>
    <testcase classname="GenerateViewConfigJs can generate fixture SINGLE_COMPONENT_WITH_INTEGER_PROPS" name="GenerateViewConfigJs can generate fixture SINGLE_COMPONENT_WITH_INTEGER_PROPS" time="0.007">
    </testcase>
    <testcase classname="GenerateViewConfigJs can generate fixture SINGLE_COMPONENT_WITH_STRING_PROP" name="GenerateViewConfigJs can generate fixture SINGLE_COMPONENT_WITH_STRING_PROP" time="0.004">
    </testcase>
    <testcase classname="GenerateViewConfigJs can generate fixture TWO_COMPONENTS_DIFFERENT_FILES" name="GenerateViewConfigJs can generate fixture TWO_COMPONENTS_DIFFERENT_FILES" time="0.015">
    </testcase>
    <testcase classname="GenerateViewConfigJs can generate fixture TWO_COMPONENTS_SAME_FILE" name="GenerateViewConfigJs can generate fixture TWO_COMPONENTS_SAME_FILE" time="0.012">
    </testcase>
  </testsuite>
  <testsuite name="InteractionManager" errors="0" failures="0" skipped="0" timestamp="2019-02-09T00:27:03" time="0.497" tests="17">
    <testcase classname="InteractionManager throws when clearing an undefined handle" name="InteractionManager throws when clearing an undefined handle" time="0.014">
    </testcase>
    <testcase classname="InteractionManager notifies asynchronously when interaction starts" name="InteractionManager notifies asynchronously when interaction starts" time="0.003">
    </testcase>
    <testcase classname="InteractionManager notifies asynchronously when interaction stops" name="InteractionManager notifies asynchronously when interaction stops" time="0.003">
    </testcase>
    <testcase classname="InteractionManager does not notify when started &amp; stopped in same event loop" name="InteractionManager does not notify when started &amp; stopped in same event loop" time="0.002">
    </testcase>
    <testcase classname="InteractionManager does not notify when going from two -&gt; one active interactions" name="InteractionManager does not notify when going from two -&gt; one active interactions" time="0.002">
    </testcase>
    <testcase classname="InteractionManager runs tasks asynchronously when there are interactions" name="InteractionManager runs tasks asynchronously when there are interactions" time="0.004">
    </testcase>
    <testcase classname="InteractionManager runs tasks when interactions complete" name="InteractionManager runs tasks when interactions complete" time="0.002">
    </testcase>
    <testcase classname="InteractionManager does not run tasks twice" name="InteractionManager does not run tasks twice" time="0.003">
    </testcase>
    <testcase classname="InteractionManager runs tasks added while processing previous tasks" name="InteractionManager runs tasks added while processing previous tasks" time="0.003">
    </testcase>
    <testcase classname="InteractionManager allows tasks to be cancelled" name="InteractionManager allows tasks to be cancelled" time="0.002">
    </testcase>
    <testcase classname="promise tasks should run a basic promise task" name="promise tasks should run a basic promise task" time="0.008">
    </testcase>
    <testcase classname="promise tasks should handle nested promises" name="promise tasks should handle nested promises" time="0.005">
    </testcase>
    <testcase classname="promise tasks should pause promise tasks during interactions then resume" name="promise tasks should pause promise tasks during interactions then resume" time="0.004">
    </testcase>
    <testcase classname="promise tasks should execute tasks in loop within deadline" name="promise tasks should execute tasks in loop within deadline" time="0.003">
    </testcase>
    <testcase classname="promise tasks should execute tasks one at a time if deadline exceeded" name="promise tasks should execute tasks one at a time if deadline exceeded" time="0.003">
    </testcase>
    <testcase classname="promise tasks resolves async tasks recusively before other queued tasks" name="promise tasks resolves async tasks recusively before other queued tasks" time="0.103">
    </testcase>
    <testcase classname="promise tasks should also work with a deadline" name="promise tasks should also work with a deadline" time="0.106">
    </testcase>
  </testsuite>
  <testsuite name="VirtualizedList" errors="0" failures="0" skipped="0" timestamp="2019-02-09T00:27:03" time="0.401" tests="10">
    <testcase classname="VirtualizedList renders simple list" name="VirtualizedList renders simple list" time="0.082">
    </testcase>
    <testcase classname="VirtualizedList renders empty list" name="VirtualizedList renders empty list" time="0.004">
    </testcase>
    <testcase classname="VirtualizedList renders null list" name="VirtualizedList renders null list" time="0.005">
    </testcase>
    <testcase classname="VirtualizedList renders empty list with empty component" name="VirtualizedList renders empty list with empty component" time="0.011">
    </testcase>
    <testcase classname="VirtualizedList renders list with empty component" name="VirtualizedList renders list with empty component" time="0.006">
    </testcase>
    <testcase classname="VirtualizedList renders all the bells and whistles" name="VirtualizedList renders all the bells and whistles" time="0.023">
    </testcase>
    <testcase classname="VirtualizedList test getItem functionality where data is not an Array" name="VirtualizedList test getItem functionality where data is not an Array" time="0.005">
    </testcase>
    <testcase classname="VirtualizedList handles separators correctly" name="VirtualizedList handles separators correctly" time="0.023">
    </testcase>
    <testcase classname="VirtualizedList handles nested lists" name="VirtualizedList handles nested lists" time="0.018">
    </testcase>
    <testcase classname="VirtualizedList returns the viewableItems correctly in the onViewableItemsChanged callback after changing the data" name="VirtualizedList returns the viewableItems correctly in the onViewableItemsChanged callback after changing the data" time="0.02">
    </testcase>
  </testsuite>
  <testsuite name="Native Animated" errors="0" failures="0" skipped="0" timestamp="2019-02-09T00:27:04" time="0.348" tests="28">
    <testcase classname="Native Animated Animated Value proxies `setValue` correctly" name="Native Animated Animated Value proxies `setValue` correctly" time="0.031">
    </testcase>
    <testcase classname="Native Animated Animated Value should set offset" name="Native Animated Animated Value should set offset" time="0.002">
    </testcase>
    <testcase classname="Native Animated Animated Value should flatten offset" name="Native Animated Animated Value should flatten offset" time="0.002">
    </testcase>
    <testcase classname="Native Animated Animated Value should extract offset" name="Native Animated Animated Value should extract offset" time="0.002">
    </testcase>
    <testcase classname="Native Animated Animated Listeners should get updates" name="Native Animated Animated Listeners should get updates" time="0.011">
    </testcase>
    <testcase classname="Native Animated Animated Listeners should removeAll" name="Native Animated Animated Listeners should removeAll" time="0.002">
    </testcase>
    <testcase classname="Native Animated Animated Events should map events" name="Native Animated Animated Events should map events" time="0.002">
    </testcase>
    <testcase classname="Native Animated Animated Events should throw on invalid event path" name="Native Animated Animated Events should throw on invalid event path" time="0.001">
    </testcase>
    <testcase classname="Native Animated Animated Events should call listeners" name="Native Animated Animated Events should call listeners" time="0.001">
    </testcase>
    <testcase classname="Native Animated Animated Graph creates and detaches nodes" name="Native Animated Animated Graph creates and detaches nodes" time="0.003">
    </testcase>
    <testcase classname="Native Animated Animated Graph sends a valid description for value, style and props nodes" name="Native Animated Animated Graph sends a valid description for value, style and props nodes" time="0.003">
    </testcase>
    <testcase classname="Native Animated Animated Graph sends a valid graph description for Animated.add nodes" name="Native Animated Animated Graph sends a valid graph description for Animated.add nodes" time="0.005">
    </testcase>
    <testcase classname="Native Animated Animated Graph sends a valid graph description for Animated.subtract nodes" name="Native Animated Animated Graph sends a valid graph description for Animated.subtract nodes" time="0.005">
    </testcase>
    <testcase classname="Native Animated Animated Graph sends a valid graph description for Animated.multiply nodes" name="Native Animated Animated Graph sends a valid graph description for Animated.multiply nodes" time="0.004">
    </testcase>
    <testcase classname="Native Animated Animated Graph sends a valid graph description for Animated.divide nodes" name="Native Animated Animated Graph sends a valid graph description for Animated.divide nodes" time="0.004">
    </testcase>
    <testcase classname="Native Animated Animated Graph sends a valid graph description for Animated.modulo nodes" name="Native Animated Animated Graph sends a valid graph description for Animated.modulo nodes" time="0.008">
    </testcase>
    <testcase classname="Native Animated Animated Graph sends a valid graph description for interpolate() nodes" name="Native Animated Animated Graph sends a valid graph description for interpolate() nodes" time="0.002">
    </testcase>
    <testcase classname="Native Animated Animated Graph sends a valid graph description for transform nodes" name="Native Animated Animated Graph sends a valid graph description for transform nodes" time="0.005">
    </testcase>
    <testcase classname="Native Animated Animated Graph sends a valid graph description for Animated.diffClamp nodes" name="Native Animated Animated Graph sends a valid graph description for Animated.diffClamp nodes" time="0.007">
    </testcase>
    <testcase classname="Native Animated Animated Graph doesn&apos;t call into native API if useNativeDriver is set to false" name="Native Animated Animated Graph doesn&apos;t call into native API if useNativeDriver is set to false" time="0.001">
    </testcase>
    <testcase classname="Native Animated Animated Graph fails when trying to run non-native animation on native node" name="Native Animated Animated Graph fails when trying to run non-native animation on native node" time="0.001">
    </testcase>
    <testcase classname="Native Animated Animated Graph fails for unsupported styles" name="Native Animated Animated Graph fails for unsupported styles" time="0.001">
    </testcase>
    <testcase classname="Native Animated Animated Graph works for any `static` props and styles" name="Native Animated Animated Graph works for any `static` props and styles" time="0.003">
    </testcase>
    <testcase classname="Native Animated Animations sends a valid timing animation description" name="Native Animated Animations sends a valid timing animation description" time="0.001">
    </testcase>
    <testcase classname="Native Animated Animations sends a valid spring animation description" name="Native Animated Animations sends a valid spring animation description" time="0.005">
    </testcase>
    <testcase classname="Native Animated Animations sends a valid decay animation description" name="Native Animated Animations sends a valid decay animation description" time="0.004">
    </testcase>
    <testcase classname="Native Animated Animations works with Animated.loop" name="Native Animated Animations works with Animated.loop" time="0.001">
    </testcase>
    <testcase classname="Native Animated Animations sends stopAnimation command to native" name="Native Animated Animations sends stopAnimation command to native" time="0.001">
    </testcase>
  </testsuite>
  <testsuite name="SectionList" errors="0" failures="0" skipped="0" timestamp="2019-02-09T00:27:04" time="0.357" tests="5">
    <testcase classname="SectionList renders empty list" name="SectionList renders empty list" time="0.063">
    </testcase>
    <testcase classname="SectionList rendering empty section headers is fine" name="SectionList rendering empty section headers is fine" time="0.017">
    </testcase>
    <testcase classname="SectionList renders all the bells and whistles" name="SectionList renders all the bells and whistles" time="0.04">
    </testcase>
    <testcase classname="SectionList renders a footer when there is no data" name="SectionList renders a footer when there is no data" time="0.012">
    </testcase>
    <testcase classname="SectionList renders a footer when there is no data and no header" name="SectionList renders a footer when there is no data and no header" time="0.008">
    </testcase>
  </testsuite>
  <testsuite name="bezier" errors="0" failures="0" skipped="0" timestamp="2019-02-09T00:27:04" time="0.426" tests="9">
    <testcase classname="bezier should be a function" name="bezier should be a function" time="0.002">
    </testcase>
    <testcase classname="bezier should creates an object" name="bezier should creates an object" time="0">
    </testcase>
    <testcase classname="bezier should fail with wrong arguments" name="bezier should fail with wrong arguments" time="0.001">
    </testcase>
    <testcase classname="bezier linear curves should be linear" name="bezier linear curves should be linear" time="0.024">
    </testcase>
    <testcase classname="bezier common properties should be the right value at extremes" name="bezier common properties should be the right value at extremes" time="0.002">
    </testcase>
    <testcase classname="bezier common properties should approach the projected value of its x=y projected curve" name="bezier common properties should approach the projected value of its x=y projected curve" time="0.071">
    </testcase>
    <testcase classname="bezier two same instances should be strictly equals" name="bezier two same instances should be strictly equals" time="0.058">
    </testcase>
    <testcase classname="bezier symetric curves should have a central value y~=0.5 at x=0.5" name="bezier symetric curves should have a central value y~=0.5 at x=0.5" time="0.001">
    </testcase>
    <testcase classname="bezier symetric curves should be symmetrical" name="bezier symetric curves should be symmetrical" time="0.058">
    </testcase>
  </testsuite>
  <testsuite name="TouchableHighlight" errors="0" failures="0" skipped="0" timestamp="2019-02-09T00:27:04" time="0.322" tests="1">
    <testcase classname="TouchableHighlight renders correctly" name="TouchableHighlight renders correctly" time="0.107">
    </testcase>
  </testsuite>
  <testsuite name="YellowBox" errors="0" failures="0" skipped="0" timestamp="2019-02-09T00:27:04" time="0.285" tests="4">
    <testcase classname="YellowBox can set `disableYellowBox` after installing" name="YellowBox can set `disableYellowBox` after installing" time="0.061">
    </testcase>
    <testcase classname="YellowBox can set `disableYellowBox` before installing" name="YellowBox can set `disableYellowBox` before installing" time="0.011">
    </testcase>
    <testcase classname="YellowBox registers warnings" name="YellowBox registers warnings" time="0.009">
    </testcase>
    <testcase classname="YellowBox registers errors beginning with &quot;Warning: &quot;" name="YellowBox registers errors beginning with &quot;Warning: &quot;" time="0.008">
    </testcase>
  </testsuite>
  <testsuite name="FlatList" errors="0" failures="0" skipped="0" timestamp="2019-02-09T00:27:04" time="0.316" tests="4">
    <testcase classname="FlatList renders simple list" name="FlatList renders simple list" time="0.095">
    </testcase>
    <testcase classname="FlatList renders empty list" name="FlatList renders empty list" time="0.005">
    </testcase>
    <testcase classname="FlatList renders null list" name="FlatList renders null list" time="0.006">
    </testcase>
    <testcase classname="FlatList renders all the bells and whistles" name="FlatList renders all the bells and whistles" time="0.021">
    </testcase>
  </testsuite>
  <testsuite name="YellowBoxRegistry" errors="0" failures="0" skipped="0" timestamp="2019-02-09T00:27:05" time="0.332" tests="17">
    <testcase classname="YellowBoxRegistry adds and deletes warnings" name="YellowBoxRegistry adds and deletes warnings" time="0.02">
    </testcase>
    <testcase classname="YellowBoxRegistry clears all warnings" name="YellowBoxRegistry clears all warnings" time="0.003">
    </testcase>
    <testcase classname="YellowBoxRegistry sorts warnings in chronological order" name="YellowBoxRegistry sorts warnings in chronological order" time="0.003">
    </testcase>
    <testcase classname="YellowBoxRegistry ignores warnings matching patterns" name="YellowBoxRegistry ignores warnings matching patterns" time="0.003">
    </testcase>
    <testcase classname="YellowBoxRegistry ignores all warnings when disabled" name="YellowBoxRegistry ignores all warnings when disabled" time="0.003">
    </testcase>
    <testcase classname="YellowBoxRegistry groups warnings by simple categories" name="YellowBoxRegistry groups warnings by simple categories" time="0.003">
    </testcase>
    <testcase classname="YellowBoxRegistry groups warnings by format string categories" name="YellowBoxRegistry groups warnings by format string categories" time="0.004">
    </testcase>
    <testcase classname="YellowBoxRegistry groups warnings with consideration for arguments" name="YellowBoxRegistry groups warnings with consideration for arguments" time="0.009">
    </testcase>
    <testcase classname="YellowBoxRegistry ignores warnings starting with &quot;(ADVICE)&quot;" name="YellowBoxRegistry ignores warnings starting with &quot;(ADVICE)&quot;" time="0.001">
    </testcase>
    <testcase classname="YellowBoxRegistry does not ignore warnings formatted to start with &quot;(ADVICE)&quot;" name="YellowBoxRegistry does not ignore warnings formatted to start with &quot;(ADVICE)&quot;" time="0.001">
    </testcase>
    <testcase classname="YellowBoxRegistry immediately updates new observers" name="YellowBoxRegistry immediately updates new observers" time="0.001">
    </testcase>
    <testcase classname="YellowBoxRegistry sends batched updates asynchoronously" name="YellowBoxRegistry sends batched updates asynchoronously" time="0.002">
    </testcase>
    <testcase classname="YellowBoxRegistry stops sending updates to unsubscribed observers" name="YellowBoxRegistry stops sending updates to unsubscribed observers" time="0.001">
    </testcase>
    <testcase classname="YellowBoxRegistry updates observers when a warning is added or deleted" name="YellowBoxRegistry updates observers when a warning is added or deleted" time="0.001">
    </testcase>
    <testcase classname="YellowBoxRegistry updates observers when cleared" name="YellowBoxRegistry updates observers when cleared" time="0.002">
    </testcase>
    <testcase classname="YellowBoxRegistry updates observers when an ignore pattern is added" name="YellowBoxRegistry updates observers when an ignore pattern is added" time="0.001">
    </testcase>
    <testcase classname="YellowBoxRegistry updates observers when disabled or enabled" name="YellowBoxRegistry updates observers when disabled or enabled" time="0">
    </testcase>
  </testsuite>
  <testsuite name="undefined" errors="0" failures="0" skipped="0" timestamp="2019-02-09T00:27:05" time="0.275" tests="1">
    <testcase classname=" renders assets based on relative path" name=" renders assets based on relative path" time="0.105">
    </testcase>
  </testsuite>
  <testsuite name="Interpolation" errors="0" failures="0" skipped="0" timestamp="2019-02-09T00:27:05" time="0.269" tests="22">
    <testcase classname="Interpolation should work with defaults" name="Interpolation should work with defaults" time="0.008">
    </testcase>
    <testcase classname="Interpolation should work with output range" name="Interpolation should work with output range" time="0">
    </testcase>
    <testcase classname="Interpolation should work with input range" name="Interpolation should work with input range" time="0">
    </testcase>
    <testcase classname="Interpolation should throw for non monotonic input ranges" name="Interpolation should throw for non monotonic input ranges" time="0.001">
    </testcase>
    <testcase classname="Interpolation should work with empty input range" name="Interpolation should work with empty input range" time="0.001">
    </testcase>
    <testcase classname="Interpolation should work with empty output range" name="Interpolation should work with empty output range" time="0.001">
    </testcase>
    <testcase classname="Interpolation should work with easing" name="Interpolation should work with easing" time="0.003">
    </testcase>
    <testcase classname="Interpolation should work with extrapolate" name="Interpolation should work with extrapolate" time="0.001">
    </testcase>
    <testcase classname="Interpolation should work with keyframes with extrapolate" name="Interpolation should work with keyframes with extrapolate" time="0.002">
    </testcase>
    <testcase classname="Interpolation should work with keyframes without extrapolate" name="Interpolation should work with keyframes without extrapolate" time="0.001">
    </testcase>
    <testcase classname="Interpolation should throw for an infinite input range" name="Interpolation should throw for an infinite input range" time="0">
    </testcase>
    <testcase classname="Interpolation should work with negative infinite" name="Interpolation should work with negative infinite" time="0.001">
    </testcase>
    <testcase classname="Interpolation should work with positive infinite" name="Interpolation should work with positive infinite" time="0.001">
    </testcase>
    <testcase classname="Interpolation should work with output ranges as string" name="Interpolation should work with output ranges as string" time="0.003">
    </testcase>
    <testcase classname="Interpolation should work with output ranges as short hex string" name="Interpolation should work with output ranges as short hex string" time="0.001">
    </testcase>
    <testcase classname="Interpolation should work with output ranges as long hex string" name="Interpolation should work with output ranges as long hex string" time="0.001">
    </testcase>
    <testcase classname="Interpolation should work with output ranges with mixed hex and rgba strings" name="Interpolation should work with output ranges with mixed hex and rgba strings" time="0">
    </testcase>
    <testcase classname="Interpolation should work with negative and decimal values in string ranges" name="Interpolation should work with negative and decimal values in string ranges" time="0.001">
    </testcase>
    <testcase classname="Interpolation should crash when chaining an interpolation that returns a string" name="Interpolation should crash when chaining an interpolation that returns a string" time="0">
    </testcase>
    <testcase classname="Interpolation should support a mix of color patterns" name="Interpolation should support a mix of color patterns" time="0.001">
    </testcase>
    <testcase classname="Interpolation should crash when defining output range with different pattern" name="Interpolation should crash when defining output range with different pattern" time="0">
    </testcase>
    <testcase classname="Interpolation should round the alpha channel of a color to the nearest thousandth" name="Interpolation should round the alpha channel of a color to the nearest thousandth" time="0.001">
    </testcase>
  </testsuite>
  <testsuite name="XMLHttpRequest" errors="0" failures="0" skipped="0" timestamp="2019-02-09T00:27:05" time="0.87" tests="8">
    <testcase classname="XMLHttpRequest should transition readyState correctly" name="XMLHttpRequest should transition readyState correctly" time="0.021">
    </testcase>
    <testcase classname="XMLHttpRequest should expose responseType correctly" name="XMLHttpRequest should expose responseType correctly" time="0.029">
    </testcase>
    <testcase classname="XMLHttpRequest should expose responseText correctly" name="XMLHttpRequest should expose responseText correctly" time="0.006">
    </testcase>
    <testcase classname="XMLHttpRequest should call ontimeout function when the request times out" name="XMLHttpRequest should call ontimeout function when the request times out" time="0.002">
    </testcase>
    <testcase classname="XMLHttpRequest should call onerror function when the request times out" name="XMLHttpRequest should call onerror function when the request times out" time="0.002">
    </testcase>
    <testcase classname="XMLHttpRequest should call onload function when there is no error" name="XMLHttpRequest should call onload function when there is no error" time="0.002">
    </testcase>
    <testcase classname="XMLHttpRequest should call upload onprogress" name="XMLHttpRequest should call upload onprogress" time="0.002">
    </testcase>
    <testcase classname="XMLHttpRequest should combine response headers with CRLF" name="XMLHttpRequest should combine response headers with CRLF" time="0.001">
    </testcase>
  </testsuite>
  <testsuite name="setAndForwardRef" errors="0" failures="0" skipped="0" timestamp="2019-02-09T00:27:06" time="0.196" tests="4">
    <testcase classname="setAndForwardRef should forward refs (function-based)" name="setAndForwardRef should forward refs (function-based)" time="0.013">
    </testcase>
    <testcase classname="setAndForwardRef should forward refs (createRef-based)" name="setAndForwardRef should forward refs (createRef-based)" time="0.003">
    </testcase>
    <testcase classname="setAndForwardRef should forward refs (string-based)" name="setAndForwardRef should forward refs (string-based)" time="0.002">
    </testcase>
    <testcase classname="setAndForwardRef should be able to use the ref from inside of the forwarding class" name="setAndForwardRef should be able to use the ref from inside of the forwarding class" time="0.002">
    </testcase>
  </testsuite>
  <testsuite name="MessageQueue" errors="0" failures="0" skipped="0" timestamp="2019-02-09T00:27:06" time="0.23" tests="2">
    <testcase classname="MessageQueue should generate native modules" name="MessageQueue should generate native modules" time="0.015">
    </testcase>
    <testcase classname="MessageQueue should make round trip and clear memory" name="MessageQueue should make round trip and clear memory" time="0.007">
    </testcase>
  </testsuite>
  <testsuite name="newRangeCount" errors="0" failures="0" skipped="0" timestamp="2019-02-09T00:27:06" time="0.186" tests="12">
    <testcase classname="newRangeCount handles subset" name="newRangeCount handles subset" time="0.002">
    </testcase>
    <testcase classname="newRangeCount handles forward disjoint set" name="newRangeCount handles forward disjoint set" time="0">
    </testcase>
    <testcase classname="newRangeCount handles reverse disjoint set" name="newRangeCount handles reverse disjoint set" time="0">
    </testcase>
    <testcase classname="newRangeCount handles superset" name="newRangeCount handles superset" time="0.001">
    </testcase>
    <testcase classname="newRangeCount handles end extension" name="newRangeCount handles end extension" time="0">
    </testcase>
    <testcase classname="newRangeCount handles front extension" name="newRangeCount handles front extension" time="0">
    </testcase>
    <testcase classname="newRangeCount handles forward insersect" name="newRangeCount handles forward insersect" time="0.001">
    </testcase>
    <testcase classname="newRangeCount handles reverse intersect" name="newRangeCount handles reverse intersect" time="0">
    </testcase>
    <testcase classname="elementsThatOverlapOffsets handles fixed length" name="elementsThatOverlapOffsets handles fixed length" time="0.003">
    </testcase>
    <testcase classname="elementsThatOverlapOffsets handles variable length" name="elementsThatOverlapOffsets handles variable length" time="0.001">
    </testcase>
    <testcase classname="elementsThatOverlapOffsets handles out of bounds" name="elementsThatOverlapOffsets handles out of bounds" time="0">
    </testcase>
    <testcase classname="elementsThatOverlapOffsets errors on non-increasing offsets" name="elementsThatOverlapOffsets errors on non-increasing offsets" time="0.001">
    </testcase>
  </testsuite>
  <testsuite name="resolveAssetSource" errors="0" failures="0" skipped="0" timestamp="2019-02-09T00:27:06" time="0.238" tests="12">
    <testcase classname="resolveAssetSource returns same source for simple static and network images" name="resolveAssetSource returns same source for simple static and network images" time="0.007">
    </testcase>
    <testcase classname="resolveAssetSource does not change deprecated assets" name="resolveAssetSource does not change deprecated assets" time="0.001">
    </testcase>
    <testcase classname="resolveAssetSource ignores any weird data" name="resolveAssetSource ignores any weird data" time="0.002">
    </testcase>
    <testcase classname="resolveAssetSource bundle was loaded from network (DEV) uses network image" name="resolveAssetSource bundle was loaded from network (DEV) uses network image" time="0.015">
    </testcase>
    <testcase classname="resolveAssetSource bundle was loaded from network (DEV) picks matching scale" name="resolveAssetSource bundle was loaded from network (DEV) picks matching scale" time="0.003">
    </testcase>
    <testcase classname="resolveAssetSource bundle was loaded from file on iOS uses pre-packed image" name="resolveAssetSource bundle was loaded from file on iOS uses pre-packed image" time="0.004">
    </testcase>
    <testcase classname="resolveAssetSource bundle was loaded from assets on Android uses pre-packed image" name="resolveAssetSource bundle was loaded from assets on Android uses pre-packed image" time="0.003">
    </testcase>
    <testcase classname="resolveAssetSource bundle was loaded from file on Android uses pre-packed image" name="resolveAssetSource bundle was loaded from file on Android uses pre-packed image" time="0.005">
    </testcase>
    <testcase classname="resolveAssetSource bundle was loaded from raw file on Android uses sideloaded image" name="resolveAssetSource bundle was loaded from raw file on Android uses sideloaded image" time="0.002">
    </testcase>
    <testcase classname="resolveAssetSource source resolver can be customized uses bundled source, event when js is sideloaded" name="resolveAssetSource source resolver can be customized uses bundled source, event when js is sideloaded" time="0.002">
    </testcase>
    <testcase classname="resolveAssetSource source resolver can be customized allows any customization" name="resolveAssetSource source resolver can be customized allows any customization" time="0.002">
    </testcase>
    <testcase classname="resolveAssetSource.pickScale picks matching scale" name="resolveAssetSource.pickScale picks matching scale" time="0.001">
    </testcase>
  </testsuite>
  <testsuite name="babel 7 smoke test" errors="0" failures="0" skipped="0" timestamp="2019-02-09T00:27:06" time="0.218" tests="6">
    <testcase classname="babel 7 smoke test should be able to extend a class with native name" name="babel 7 smoke test should be able to extend a class with native name" time="0.002">
    </testcase>
    <testcase classname="Blob regression caused by circular dep &amp;&amp; babel 7" name="Blob regression caused by circular dep &amp;&amp; babel 7" time="0.007">
    </testcase>
    <testcase classname="File should create empty file" name="File should create empty file" time="0.008">
    </testcase>
    <testcase classname="File should create empty file with type" name="File should create empty file with type" time="0">
    </testcase>
    <testcase classname="File should create empty file with lastModified" name="File should create empty file with lastModified" time="0.001">
    </testcase>
    <testcase classname="File should throw on invalid arguments" name="File should throw on invalid arguments" time="0">
    </testcase>
  </testsuite>
  <testsuite name="Map polyfill" errors="0" failures="0" skipped="0" timestamp="2019-02-09T00:27:06" time="0.203" tests="6">
    <testcase classname="Map polyfill is not native" name="Map polyfill is not native" time="0.001">
    </testcase>
    <testcase classname="Map polyfill should tolerate non-extensible object keys" name="Map polyfill should tolerate non-extensible object keys" time="0.002">
    </testcase>
    <testcase classname="Map polyfill should not get confused by prototypal inheritance" name="Map polyfill should not get confused by prototypal inheritance" time="0.001">
    </testcase>
    <testcase classname="Set polyfill is not native" name="Set polyfill is not native" time="0">
    </testcase>
    <testcase classname="Set polyfill should tolerate non-extensible object elements" name="Set polyfill should tolerate non-extensible object elements" time="0.001">
    </testcase>
    <testcase classname="Set polyfill should not get confused by prototypal inheritance" name="Set polyfill should not get confused by prototypal inheritance" time="0.001">
    </testcase>
  </testsuite>
  <testsuite name="Easing" errors="0" failures="0" skipped="0" timestamp="2019-02-09T00:27:06" time="0.215" tests="24">
    <testcase classname="Easing should work with linear" name="Easing should work with linear" time="0.002">
    </testcase>
    <testcase classname="Easing should work with ease in linear" name="Easing should work with ease in linear" time="0.001">
    </testcase>
    <testcase classname="Easing should work with easy out linear" name="Easing should work with easy out linear" time="0.001">
    </testcase>
    <testcase classname="Easing should work with ease in quad" name="Easing should work with ease in quad" time="0.003">
    </testcase>
    <testcase classname="Easing should work with ease out quad" name="Easing should work with ease out quad" time="0.001">
    </testcase>
    <testcase classname="Easing should work with ease in-out quad" name="Easing should work with ease in-out quad" time="0.002">
    </testcase>
    <testcase classname="Easing should satisfy boundary conditions with elastic" name="Easing should satisfy boundary conditions with elastic" time="0.006">
    </testcase>
    <testcase classname="Easing should ease in_quad" name="Easing should ease in_quad" time="0.002">
    </testcase>
    <testcase classname="Easing should ease out_quad" name="Easing should ease out_quad" time="0.002">
    </testcase>
    <testcase classname="Easing should ease inOut_quad" name="Easing should ease inOut_quad" time="0.002">
    </testcase>
    <testcase classname="Easing should ease in_cubic" name="Easing should ease in_cubic" time="0.002">
    </testcase>
    <testcase classname="Easing should ease out_cubic" name="Easing should ease out_cubic" time="0.002">
    </testcase>
    <testcase classname="Easing should ease inOut_cubic" name="Easing should ease inOut_cubic" time="0.001">
    </testcase>
    <testcase classname="Easing should ease in_sin" name="Easing should ease in_sin" time="0.002">
    </testcase>
    <testcase classname="Easing should ease out_sin" name="Easing should ease out_sin" time="0.001">
    </testcase>
    <testcase classname="Easing should ease inOut_sin" name="Easing should ease inOut_sin" time="0.001">
    </testcase>
    <testcase classname="Easing should ease in_exp" name="Easing should ease in_exp" time="0.003">
    </testcase>
    <testcase classname="Easing should ease out_exp" name="Easing should ease out_exp" time="0.001">
    </testcase>
    <testcase classname="Easing should ease inOut_exp" name="Easing should ease inOut_exp" time="0.001">
    </testcase>
    <testcase classname="Easing should ease in_circle" name="Easing should ease in_circle" time="0.001">
    </testcase>
    <testcase classname="Easing should ease out_circle" name="Easing should ease out_circle" time="0.001">
    </testcase>
    <testcase classname="Easing should ease inOut_circle" name="Easing should ease inOut_circle" time="0.001">
    </testcase>
    <testcase classname="Easing should ease in_back_" name="Easing should ease in_back_" time="0.001">
    </testcase>
    <testcase classname="Easing should ease out_back_" name="Easing should ease out_back_" time="0.001">
    </testcase>
  </testsuite>
  <testsuite name="ActivityIndicator" errors="0" failures="0" skipped="0" timestamp="2019-02-09T00:27:06" time="0.238" tests="5">
    <testcase classname="ActivityIndicator should set displayName to prevent &lt;Component /&gt; regressions" name="ActivityIndicator should set displayName to prevent &lt;Component /&gt; regressions" time="0.028">
    </testcase>
    <testcase classname="ActivityIndicator should render as &lt;ActivityIndicator&gt; when mocked" name="ActivityIndicator should render as &lt;ActivityIndicator&gt; when mocked" time="0.021">
    </testcase>
    <testcase classname="ActivityIndicator should shallow render as &lt;ActivityIndicator&gt; when mocked" name="ActivityIndicator should shallow render as &lt;ActivityIndicator&gt; when mocked" time="0.002">
    </testcase>
    <testcase classname="ActivityIndicator should shallow render as &lt;ForwardRef(ActivityIndicator)&gt; when not mocked" name="ActivityIndicator should shallow render as &lt;ForwardRef(ActivityIndicator)&gt; when not mocked" time="0.002">
    </testcase>
    <testcase classname="ActivityIndicator should render as &lt;View&gt; when not mocked" name="ActivityIndicator should render as &lt;View&gt; when not mocked" time="0.005">
    </testcase>
  </testsuite>
  <testsuite name="MatrixMath" errors="0" failures="0" skipped="0" timestamp="2019-02-09T00:27:07" time="0.191" tests="3">
    <testcase classname="MatrixMath decomposes a 4x4 matrix to produce accurate Z-axis angles" name="MatrixMath decomposes a 4x4 matrix to produce accurate Z-axis angles" time="0.018">
    </testcase>
    <testcase classname="MatrixMath decomposes a 4x4 matrix to produce accurate Y-axis angles" name="MatrixMath decomposes a 4x4 matrix to produce accurate Y-axis angles" time="0.006">
    </testcase>
    <testcase classname="MatrixMath decomposes a 4x4 matrix to produce accurate X-axis angles" name="MatrixMath decomposes a 4x4 matrix to produce accurate X-axis angles" time="0.003">
    </testcase>
  </testsuite>
  <testsuite name="processColor" errors="0" failures="0" skipped="0" timestamp="2019-02-09T00:27:07" time="0.185" tests="9">
    <testcase classname="processColor predefined color names should convert red" name="processColor predefined color names should convert red" time="0.003">
    </testcase>
    <testcase classname="processColor predefined color names should convert white" name="processColor predefined color names should convert white" time="0.001">
    </testcase>
    <testcase classname="processColor predefined color names should convert black" name="processColor predefined color names should convert black" time="0">
    </testcase>
    <testcase classname="processColor predefined color names should convert transparent" name="processColor predefined color names should convert transparent" time="0">
    </testcase>
    <testcase classname="processColor RGB strings should convert rgb(x, y, z)" name="processColor RGB strings should convert rgb(x, y, z)" time="0">
    </testcase>
    <testcase classname="processColor RGBA strings should convert rgba(x, y, z, a)" name="processColor RGBA strings should convert rgba(x, y, z, a)" time="0.001">
    </testcase>
    <testcase classname="processColor HSL strings should convert hsl(x, y%, z%)" name="processColor HSL strings should convert hsl(x, y%, z%)" time="0.002">
    </testcase>
    <testcase classname="processColor HSLA strings should convert hsla(x, y%, z%, a)" name="processColor HSLA strings should convert hsla(x, y%, z%, a)" time="0">
    </testcase>
    <testcase classname="processColor hex strings should convert #xxxxxx" name="processColor hex strings should convert #xxxxxx" time="0.001">
    </testcase>
  </testsuite>
  <testsuite name="SchemaValidator" errors="0" failures="0" skipped="0" timestamp="2019-02-09T00:27:07" time="0.204" tests="12">
    <testcase classname="SchemaValidator fails on components across modules with same name" name="SchemaValidator fails on components across modules with same name" time="0.009">
    </testcase>
    <testcase classname="SchemaValidator fails on components with no props" name="SchemaValidator fails on components with no props" time="0.002">
    </testcase>
    <testcase classname="SchemaValidator fixture SINGLE_COMPONENT_WITH_BOOLEAN_PROP has no errors" name="SchemaValidator fixture SINGLE_COMPONENT_WITH_BOOLEAN_PROP has no errors" time="0.001">
    </testcase>
    <testcase classname="SchemaValidator fixture SINGLE_COMPONENT_WITH_COLOR_PROP has no errors" name="SchemaValidator fixture SINGLE_COMPONENT_WITH_COLOR_PROP has no errors" time="0">
    </testcase>
    <testcase classname="SchemaValidator fixture SINGLE_COMPONENT_WITH_ENUM_PROP has no errors" name="SchemaValidator fixture SINGLE_COMPONENT_WITH_ENUM_PROP has no errors" time="0.001">
    </testcase>
    <testcase classname="SchemaValidator fixture SINGLE_COMPONENT_WITH_EVENT_NESTED_OBJECT_PROPS has no errors" name="SchemaValidator fixture SINGLE_COMPONENT_WITH_EVENT_NESTED_OBJECT_PROPS has no errors" time="0">
    </testcase>
    <testcase classname="SchemaValidator fixture SINGLE_COMPONENT_WITH_EVENT_PROPS has no errors" name="SchemaValidator fixture SINGLE_COMPONENT_WITH_EVENT_PROPS has no errors" time="0.001">
    </testcase>
    <testcase classname="SchemaValidator fixture SINGLE_COMPONENT_WITH_FLOAT_PROPS has no errors" name="SchemaValidator fixture SINGLE_COMPONENT_WITH_FLOAT_PROPS has no errors" time="0.001">
    </testcase>
    <testcase classname="SchemaValidator fixture SINGLE_COMPONENT_WITH_INTEGER_PROPS has no errors" name="SchemaValidator fixture SINGLE_COMPONENT_WITH_INTEGER_PROPS has no errors" time="0">
    </testcase>
    <testcase classname="SchemaValidator fixture SINGLE_COMPONENT_WITH_STRING_PROP has no errors" name="SchemaValidator fixture SINGLE_COMPONENT_WITH_STRING_PROP has no errors" time="0.001">
    </testcase>
    <testcase classname="SchemaValidator fixture TWO_COMPONENTS_DIFFERENT_FILES has no errors" name="SchemaValidator fixture TWO_COMPONENTS_DIFFERENT_FILES has no errors" time="0.001">
    </testcase>
    <testcase classname="SchemaValidator fixture TWO_COMPONENTS_SAME_FILE has no errors" name="SchemaValidator fixture TWO_COMPONENTS_SAME_FILE has no errors" time="0">
    </testcase>
  </testsuite>
  <testsuite name="FileReader" errors="0" failures="0" skipped="0" timestamp="2019-02-09T00:27:07" time="0.231" tests="2">
    <testcase classname="FileReader should read blob as text" name="FileReader should read blob as text" time="0.019">
    </testcase>
    <testcase classname="FileReader should read blob as data URL" name="FileReader should read blob as data URL" time="0.001">
    </testcase>
  </testsuite>
  <testsuite name="MessageQueue" errors="0" failures="0" skipped="0" timestamp="2019-02-09T00:27:07" time="0.216" tests="12">
    <testcase classname="MessageQueue should enqueue native calls" name="MessageQueue should enqueue native calls" time="0.01">
    </testcase>
    <testcase classname="MessageQueue should call a local function with the function name" name="MessageQueue should call a local function with the function name" time="0.003">
    </testcase>
    <testcase classname="MessageQueue should store callbacks" name="MessageQueue should store callbacks" time="0.002">
    </testcase>
    <testcase classname="MessageQueue should call the stored callback" name="MessageQueue should call the stored callback" time="0.002">
    </testcase>
    <testcase classname="MessageQueue should throw when calling the same callback twice" name="MessageQueue should throw when calling the same callback twice" time="0.001">
    </testcase>
    <testcase classname="MessageQueue should throw when calling both success and failure callback" name="MessageQueue should throw when calling both success and failure callback" time="0.002">
    </testcase>
    <testcase classname="MessageQueue should throw when calling with unknown module" name="MessageQueue should throw when calling with unknown module" time="0.002">
    </testcase>
    <testcase classname="MessageQueue should return lazily registered module" name="MessageQueue should return lazily registered module" time="0.001">
    </testcase>
    <testcase classname="MessageQueue should not initialize lazily registered module before it was used for the first time" name="MessageQueue should not initialize lazily registered module before it was used for the first time" time="0.001">
    </testcase>
    <testcase classname="MessageQueue should initialize lazily registered module only once" name="MessageQueue should initialize lazily registered module only once" time="0.001">
    </testcase>
    <testcase classname="MessageQueue should check if the global error handler is not overriden by the DebuggerInternal object" name="MessageQueue should check if the global error handler is not overriden by the DebuggerInternal object" time="0.001">
    </testcase>
    <testcase classname="MessageQueue should check if the global error handler is overriden by the DebuggerInternal object" name="MessageQueue should check if the global error handler is overriden by the DebuggerInternal object" time="0.002">
    </testcase>
  </testsuite>
  <testsuite name="buildStyleInterpolator" errors="0" failures="0" skipped="0" timestamp="2019-02-09T00:27:07" time="0.21" tests="9">
    <testcase classname="buildStyleInterpolator should linearly interpolate without extrapolating" name="buildStyleInterpolator should linearly interpolate without extrapolating" time="0.008">
    </testcase>
    <testcase classname="buildStyleInterpolator should linearly interpolate with extrapolating" name="buildStyleInterpolator should linearly interpolate with extrapolating" time="0.003">
    </testcase>
    <testcase classname="buildStyleInterpolator should round accordingly" name="buildStyleInterpolator should round accordingly" time="0.004">
    </testcase>
    <testcase classname="buildStyleInterpolator should detect chnages correctly" name="buildStyleInterpolator should detect chnages correctly" time="0.001">
    </testcase>
    <testcase classname="buildStyleInterpolator should handle identity" name="buildStyleInterpolator should handle identity" time="0">
    </testcase>
    <testcase classname="buildStyleInterpolator should translate" name="buildStyleInterpolator should translate" time="0.001">
    </testcase>
    <testcase classname="buildStyleInterpolator should scale" name="buildStyleInterpolator should scale" time="0">
    </testcase>
    <testcase classname="buildStyleInterpolator should combine scale and translate" name="buildStyleInterpolator should combine scale and translate" time="0">
    </testcase>
    <testcase classname="buildStyleInterpolator should step" name="buildStyleInterpolator should step" time="0.001">
    </testcase>
  </testsuite>
  <testsuite name="YellowBoxCategory" errors="0" failures="0" skipped="0" timestamp="2019-02-09T00:27:07" time="0.257" tests="11">
    <testcase classname="YellowBoxCategory parses strings" name="YellowBoxCategory parses strings" time="0.006">
    </testcase>
    <testcase classname="YellowBoxCategory parses strings with arguments" name="YellowBoxCategory parses strings with arguments" time="0.001">
    </testcase>
    <testcase classname="YellowBoxCategory parses formatted strings" name="YellowBoxCategory parses formatted strings" time="0.001">
    </testcase>
    <testcase classname="YellowBoxCategory parses formatted strings with insufficient arguments" name="YellowBoxCategory parses formatted strings with insufficient arguments" time="0.001">
    </testcase>
    <testcase classname="YellowBoxCategory parses formatted strings with excess arguments" name="YellowBoxCategory parses formatted strings with excess arguments" time="0.001">
    </testcase>
    <testcase classname="YellowBoxCategory treats &quot;%s&quot; in arguments as literals" name="YellowBoxCategory treats &quot;%s&quot; in arguments as literals" time="0.001">
    </testcase>
    <testcase classname="YellowBoxCategory renders content with no substitutions" name="YellowBoxCategory renders content with no substitutions" time="0.043">
    </testcase>
    <testcase classname="YellowBoxCategory renders a single substitution" name="YellowBoxCategory renders a single substitution" time="0.01">
    </testcase>
    <testcase classname="YellowBoxCategory renders multiple substitutions" name="YellowBoxCategory renders multiple substitutions" time="0.003">
    </testcase>
    <testcase classname="YellowBoxCategory renders substitutions with leading content" name="YellowBoxCategory renders substitutions with leading content" time="0.002">
    </testcase>
    <testcase classname="YellowBoxCategory renders substitutions with trailing content" name="YellowBoxCategory renders substitutions with trailing content" time="0.001">
    </testcase>
  </testsuite>
  <testsuite name="flattenStyle" errors="0" failures="0" skipped="0" timestamp="2019-02-09T00:27:07" time="0.216" tests="13">
    <testcase classname="flattenStyle should merge style objects" name="flattenStyle should merge style objects" time="0.002">
    </testcase>
    <testcase classname="flattenStyle should override style properties" name="flattenStyle should override style properties" time="0.001">
    </testcase>
    <testcase classname="flattenStyle should overwrite properties with `undefined`" name="flattenStyle should overwrite properties with `undefined`" time="0.001">
    </testcase>
    <testcase classname="flattenStyle should not fail on falsy values" name="flattenStyle should not fail on falsy values" time="0">
    </testcase>
    <testcase classname="flattenStyle should recursively flatten arrays" name="flattenStyle should recursively flatten arrays" time="0.001">
    </testcase>
    <testcase classname="flattenStyle should not allocate an object when there is no style" name="flattenStyle should not allocate an object when there is no style" time="0.001">
    </testcase>
    <testcase classname="flattenStyle should not allocate an object when there is a style" name="flattenStyle should not allocate an object when there is a style" time="0">
    </testcase>
    <testcase classname="flattenStyle should not allocate an object when there is a single class" name="flattenStyle should not allocate an object when there is a single class" time="0.023">
    </testcase>
    <testcase classname="flattenStyle should merge single class and style properly" name="flattenStyle should merge single class and style properly" time="0.001">
    </testcase>
    <testcase classname="flattenStyle should merge multiple classes" name="flattenStyle should merge multiple classes" time="0">
    </testcase>
    <testcase classname="flattenStyle should merge multiple classes with style" name="flattenStyle should merge multiple classes with style" time="0.001">
    </testcase>
    <testcase classname="flattenStyle should flatten recursively" name="flattenStyle should flatten recursively" time="0">
    </testcase>
    <testcase classname="flattenStyle should ignore invalid class names" name="flattenStyle should ignore invalid class names" time="0">
    </testcase>
  </testsuite>
  <testsuite name="undefined" errors="0" failures="0" skipped="0" timestamp="2019-02-09T00:27:08" time="0.229" tests="7">
    <testcase classname=" returns the correct haste name for a RN library file" name=" returns the correct haste name for a RN library file" time="0.035">
    </testcase>
    <testcase classname=" returns the correct haste name for a file with a platform suffix" name=" returns the correct haste name for a file with a platform suffix" time="0.001">
    </testcase>
    <testcase classname=" returns the correct haste name for a file with an out-of-tree platform suffix" name=" returns the correct haste name for a file with an out-of-tree platform suffix" time="0.001">
    </testcase>
    <testcase classname=" returns the correct haste name for a file with a flow suffix" name=" returns the correct haste name for a file with a flow suffix" time="0">
    </testcase>
    <testcase classname=" does not calculate the haste name for a file that is not JS" name=" does not calculate the haste name for a file that is not JS" time="0">
    </testcase>
    <testcase classname=" does not calculate the haste name for a file outside of RN" name=" does not calculate the haste name for a file outside of RN" time="0">
    </testcase>
    <testcase classname=" does not calculate the haste name for a blacklisted file" name=" does not calculate the haste name for a blacklisted file" time="0">
    </testcase>
  </testsuite>
  <testsuite name="GeneratePropsH" errors="0" failures="0" skipped="0" timestamp="2019-02-09T00:27:08" time="0.195" tests="10">
    <testcase classname="GeneratePropsH can generate fixture SINGLE_COMPONENT_WITH_BOOLEAN_PROP" name="GeneratePropsH can generate fixture SINGLE_COMPONENT_WITH_BOOLEAN_PROP" time="0.005">
    </testcase>
    <testcase classname="GeneratePropsH can generate fixture SINGLE_COMPONENT_WITH_COLOR_PROP" name="GeneratePropsH can generate fixture SINGLE_COMPONENT_WITH_COLOR_PROP" time="0.001">
    </testcase>
    <testcase classname="GeneratePropsH can generate fixture SINGLE_COMPONENT_WITH_ENUM_PROP" name="GeneratePropsH can generate fixture SINGLE_COMPONENT_WITH_ENUM_PROP" time="0.002">
    </testcase>
    <testcase classname="GeneratePropsH can generate fixture SINGLE_COMPONENT_WITH_EVENT_NESTED_OBJECT_PROPS" name="GeneratePropsH can generate fixture SINGLE_COMPONENT_WITH_EVENT_NESTED_OBJECT_PROPS" time="0.001">
    </testcase>
    <testcase classname="GeneratePropsH can generate fixture SINGLE_COMPONENT_WITH_EVENT_PROPS" name="GeneratePropsH can generate fixture SINGLE_COMPONENT_WITH_EVENT_PROPS" time="0">
    </testcase>
    <testcase classname="GeneratePropsH can generate fixture SINGLE_COMPONENT_WITH_FLOAT_PROPS" name="GeneratePropsH can generate fixture SINGLE_COMPONENT_WITH_FLOAT_PROPS" time="0.001">
    </testcase>
    <testcase classname="GeneratePropsH can generate fixture SINGLE_COMPONENT_WITH_INTEGER_PROPS" name="GeneratePropsH can generate fixture SINGLE_COMPONENT_WITH_INTEGER_PROPS" time="0.001">
    </testcase>
    <testcase classname="GeneratePropsH can generate fixture SINGLE_COMPONENT_WITH_STRING_PROP" name="GeneratePropsH can generate fixture SINGLE_COMPONENT_WITH_STRING_PROP" time="0">
    </testcase>
    <testcase classname="GeneratePropsH can generate fixture TWO_COMPONENTS_DIFFERENT_FILES" name="GeneratePropsH can generate fixture TWO_COMPONENTS_DIFFERENT_FILES" time="0.001">
    </testcase>
    <testcase classname="GeneratePropsH can generate fixture TWO_COMPONENTS_SAME_FILE" name="GeneratePropsH can generate fixture TWO_COMPONENTS_SAME_FILE" time="0">
    </testcase>
  </testsuite>
  <testsuite name="GenerateEventEmitterH" errors="0" failures="0" skipped="0" timestamp="2019-02-09T00:27:08" time="0.218" tests="10">
    <testcase classname="GenerateEventEmitterH can generate fixture SINGLE_COMPONENT_WITH_BOOLEAN_PROP" name="GenerateEventEmitterH can generate fixture SINGLE_COMPONENT_WITH_BOOLEAN_PROP" time="0.003">
    </testcase>
    <testcase classname="GenerateEventEmitterH can generate fixture SINGLE_COMPONENT_WITH_COLOR_PROP" name="GenerateEventEmitterH can generate fixture SINGLE_COMPONENT_WITH_COLOR_PROP" time="0">
    </testcase>
    <testcase classname="GenerateEventEmitterH can generate fixture SINGLE_COMPONENT_WITH_ENUM_PROP" name="GenerateEventEmitterH can generate fixture SINGLE_COMPONENT_WITH_ENUM_PROP" time="0.001">
    </testcase>
    <testcase classname="GenerateEventEmitterH can generate fixture SINGLE_COMPONENT_WITH_EVENT_NESTED_OBJECT_PROPS" name="GenerateEventEmitterH can generate fixture SINGLE_COMPONENT_WITH_EVENT_NESTED_OBJECT_PROPS" time="0.009">
    </testcase>
    <testcase classname="GenerateEventEmitterH can generate fixture SINGLE_COMPONENT_WITH_EVENT_PROPS" name="GenerateEventEmitterH can generate fixture SINGLE_COMPONENT_WITH_EVENT_PROPS" time="0.001">
    </testcase>
    <testcase classname="GenerateEventEmitterH can generate fixture SINGLE_COMPONENT_WITH_FLOAT_PROPS" name="GenerateEventEmitterH can generate fixture SINGLE_COMPONENT_WITH_FLOAT_PROPS" time="0.001">
    </testcase>
    <testcase classname="GenerateEventEmitterH can generate fixture SINGLE_COMPONENT_WITH_INTEGER_PROPS" name="GenerateEventEmitterH can generate fixture SINGLE_COMPONENT_WITH_INTEGER_PROPS" time="0">
    </testcase>
    <testcase classname="GenerateEventEmitterH can generate fixture SINGLE_COMPONENT_WITH_STRING_PROP" name="GenerateEventEmitterH can generate fixture SINGLE_COMPONENT_WITH_STRING_PROP" time="0">
    </testcase>
    <testcase classname="GenerateEventEmitterH can generate fixture TWO_COMPONENTS_DIFFERENT_FILES" name="GenerateEventEmitterH can generate fixture TWO_COMPONENTS_DIFFERENT_FILES" time="0.001">
    </testcase>
    <testcase classname="GenerateEventEmitterH can generate fixture TWO_COMPONENTS_SAME_FILE" name="GenerateEventEmitterH can generate fixture TWO_COMPONENTS_SAME_FILE" time="0">
    </testcase>
  </testsuite>
  <testsuite name="deepDiffer" errors="0" failures="0" skipped="0" timestamp="2019-02-09T00:27:08" time="0.194" tests="8">
    <testcase classname="deepDiffer should diff primitives of the same type" name="deepDiffer should diff primitives of the same type" time="0.004">
    </testcase>
    <testcase classname="deepDiffer should diff primitives of different types" name="deepDiffer should diff primitives of different types" time="0.001">
    </testcase>
    <testcase classname="deepDiffer should diff Objects" name="deepDiffer should diff Objects" time="0.005">
    </testcase>
    <testcase classname="deepDiffer should diff Arrays" name="deepDiffer should diff Arrays" time="0.005">
    </testcase>
    <testcase classname="deepDiffer should diff mixed types" name="deepDiffer should diff mixed types" time="0">
    </testcase>
    <testcase classname="deepDiffer should distinguish between proper Array and Object" name="deepDiffer should distinguish between proper Array and Object" time="0.001">
    </testcase>
    <testcase classname="deepDiffer should diff same object" name="deepDiffer should diff same object" time="0">
    </testcase>
    <testcase classname="deepDiffer should respect maxDepth arg" name="deepDiffer should respect maxDepth arg" time="0">
    </testcase>
  </testsuite>
  <testsuite name="Blob" errors="0" failures="0" skipped="0" timestamp="2019-02-09T00:27:08" time="0.176" tests="4">
    <testcase classname="Blob should create empty blob" name="Blob should create empty blob" time="0.005">
    </testcase>
    <testcase classname="Blob should create blob from other blobs and strings" name="Blob should create blob from other blobs and strings" time="0.001">
    </testcase>
    <testcase classname="Blob should slice a blob" name="Blob should slice a blob" time="0.002">
    </testcase>
    <testcase classname="Blob should close a blob" name="Blob should close a blob" time="0.001">
    </testcase>
  </testsuite>
  <testsuite name="Platform" errors="0" failures="0" skipped="0" timestamp="2019-02-09T00:27:08" time="0.171" tests="2">
    <testcase classname="Platform OS should have correct value" name="Platform OS should have correct value" time="0.005">
    </testcase>
    <testcase classname="Platform select should return platform specific value" name="Platform select should return platform specific value" time="0.001">
    </testcase>
  </testsuite>
  <testsuite name="processTransform" errors="0" failures="0" skipped="0" timestamp="2019-02-09T00:27:08" time="0.191" tests="14">
    <testcase classname="processTransform validation should accept an empty array" name="processTransform validation should accept an empty array" time="0.002">
    </testcase>
    <testcase classname="processTransform validation should accept a simple valid transform" name="processTransform validation should accept a simple valid transform" time="0.005">
    </testcase>
    <testcase classname="processTransform validation should throw on object with multiple properties" name="processTransform validation should throw on object with multiple properties" time="0.001">
    </testcase>
    <testcase classname="processTransform validation should throw on invalid transform property" name="processTransform validation should throw on invalid transform property" time="0.001">
    </testcase>
    <testcase classname="processTransform validation should throw when not passing an array to an array prop" name="processTransform validation should throw when not passing an array to an array prop" time="0.001">
    </testcase>
    <testcase classname="processTransform validation should accept a valid matrix" name="processTransform validation should accept a valid matrix" time="0.001">
    </testcase>
    <testcase classname="processTransform validation should throw when passing a matrix of the wrong size" name="processTransform validation should throw when passing a matrix of the wrong size" time="0">
    </testcase>
    <testcase classname="processTransform validation should accept a valid translate" name="processTransform validation should accept a valid translate" time="0.001">
    </testcase>
    <testcase classname="processTransform validation should throw when passing a translate of the wrong size" name="processTransform validation should throw when passing a translate of the wrong size" time="0.001">
    </testcase>
    <testcase classname="processTransform validation should throw when passing an invalid value to a number prop" name="processTransform validation should throw when passing an invalid value to a number prop" time="0.002">
    </testcase>
    <testcase classname="processTransform validation should throw when passing a perspective of 0" name="processTransform validation should throw when passing a perspective of 0" time="0">
    </testcase>
    <testcase classname="processTransform validation should accept an angle in degrees or radians" name="processTransform validation should accept an angle in degrees or radians" time="0.001">
    </testcase>
    <testcase classname="processTransform validation should throw when passing an invalid angle prop" name="processTransform validation should throw when passing an invalid angle prop" time="0.001">
    </testcase>
    <testcase classname="processTransform validation should throw when passing an Animated.Value" name="processTransform validation should throw when passing an Animated.Value" time="0.001">
    </testcase>
  </testsuite>
  <testsuite name="Keyboard" errors="0" failures="0" skipped="0" timestamp="2019-02-09T00:27:08" time="0.188" tests="8">
    <testcase classname="Keyboard exposes KeyboardEventEmitter methods" name="Keyboard exposes KeyboardEventEmitter methods" time="0.011">
    </testcase>
    <testcase classname="Keyboard uses dismissKeyboard utility" name="Keyboard uses dismissKeyboard utility" time="0.001">
    </testcase>
    <testcase classname="Keyboard scheduling layout animation triggers layout animation" name="Keyboard scheduling layout animation triggers layout animation" time="0.005">
    </testcase>
    <testcase classname="Keyboard scheduling layout animation does not trigger animation when duration is null" name="Keyboard scheduling layout animation does not trigger animation when duration is null" time="0">
    </testcase>
    <testcase classname="Keyboard scheduling layout animation does not trigger animation when duration is 0" name="Keyboard scheduling layout animation does not trigger animation when duration is 0" time="0.001">
    </testcase>
    <testcase classname="Keyboard scheduling layout animation animation update type retrieves type from LayoutAnimation" name="Keyboard scheduling layout animation animation update type retrieves type from LayoutAnimation" time="0.001">
    </testcase>
    <testcase classname="Keyboard scheduling layout animation animation update type defaults to &apos;keyboard&apos; when key in LayoutAnimation is not found" name="Keyboard scheduling layout animation animation update type defaults to &apos;keyboard&apos; when key in LayoutAnimation is not found" time="0.001">
    </testcase>
    <testcase classname="Keyboard scheduling layout animation animation update type defaults to &apos;keyboard&apos; when easing is null" name="Keyboard scheduling layout animation animation update type defaults to &apos;keyboard&apos; when easing is null" time="0.001">
    </testcase>
  </testsuite>
  <testsuite name="deepFreezeAndThrowOnMutationInDev" errors="0" failures="0" skipped="0" timestamp="2019-02-09T00:27:09" time="0.179" tests="11">
    <testcase classname="deepFreezeAndThrowOnMutationInDev should be a noop on non object values" name="deepFreezeAndThrowOnMutationInDev should be a noop on non object values" time="0.004">
    </testcase>
    <testcase classname="deepFreezeAndThrowOnMutationInDev should not throw on object without prototype" name="deepFreezeAndThrowOnMutationInDev should not throw on object without prototype" time="0">
    </testcase>
    <testcase classname="deepFreezeAndThrowOnMutationInDev should throw on mutation in dev with strict" name="deepFreezeAndThrowOnMutationInDev should throw on mutation in dev with strict" time="0.001">
    </testcase>
    <testcase classname="deepFreezeAndThrowOnMutationInDev should throw on mutation in dev without strict" name="deepFreezeAndThrowOnMutationInDev should throw on mutation in dev without strict" time="0.001">
    </testcase>
    <testcase classname="deepFreezeAndThrowOnMutationInDev should throw on nested mutation in dev with strict" name="deepFreezeAndThrowOnMutationInDev should throw on nested mutation in dev with strict" time="0">
    </testcase>
    <testcase classname="deepFreezeAndThrowOnMutationInDev should throw on nested mutation in dev without strict" name="deepFreezeAndThrowOnMutationInDev should throw on nested mutation in dev without strict" time="0.001">
    </testcase>
    <testcase classname="deepFreezeAndThrowOnMutationInDev should throw on insertion in dev with strict" name="deepFreezeAndThrowOnMutationInDev should throw on insertion in dev with strict" time="0.001">
    </testcase>
    <testcase classname="deepFreezeAndThrowOnMutationInDev should not throw on insertion in dev without strict" name="deepFreezeAndThrowOnMutationInDev should not throw on insertion in dev without strict" time="0">
    </testcase>
    <testcase classname="deepFreezeAndThrowOnMutationInDev should mutate and not throw on mutation in prod" name="deepFreezeAndThrowOnMutationInDev should mutate and not throw on mutation in prod" time="0.001">
    </testcase>
    <testcase classname="deepFreezeAndThrowOnMutationInDev should not deep freeze already frozen objects" name="deepFreezeAndThrowOnMutationInDev should not deep freeze already frozen objects" time="0">
    </testcase>
    <testcase classname="deepFreezeAndThrowOnMutationInDev shouldn&apos;t recurse infinitely" name="deepFreezeAndThrowOnMutationInDev shouldn&apos;t recurse infinitely" time="0.001">
    </testcase>
  </testsuite>
  <testsuite name="GenerateEventEmitterCpp" errors="0" failures="0" skipped="0" timestamp="2019-02-09T00:27:09" time="0.185" tests="10">
    <testcase classname="GenerateEventEmitterCpp can generate fixture SINGLE_COMPONENT_WITH_BOOLEAN_PROP" name="GenerateEventEmitterCpp can generate fixture SINGLE_COMPONENT_WITH_BOOLEAN_PROP" time="0.004">
    </testcase>
    <testcase classname="GenerateEventEmitterCpp can generate fixture SINGLE_COMPONENT_WITH_COLOR_PROP" name="GenerateEventEmitterCpp can generate fixture SINGLE_COMPONENT_WITH_COLOR_PROP" time="0.001">
    </testcase>
    <testcase classname="GenerateEventEmitterCpp can generate fixture SINGLE_COMPONENT_WITH_ENUM_PROP" name="GenerateEventEmitterCpp can generate fixture SINGLE_COMPONENT_WITH_ENUM_PROP" time="0.001">
    </testcase>
    <testcase classname="GenerateEventEmitterCpp can generate fixture SINGLE_COMPONENT_WITH_EVENT_NESTED_OBJECT_PROPS" name="GenerateEventEmitterCpp can generate fixture SINGLE_COMPONENT_WITH_EVENT_NESTED_OBJECT_PROPS" time="0.003">
    </testcase>
    <testcase classname="GenerateEventEmitterCpp can generate fixture SINGLE_COMPONENT_WITH_EVENT_PROPS" name="GenerateEventEmitterCpp can generate fixture SINGLE_COMPONENT_WITH_EVENT_PROPS" time="0.001">
    </testcase>
    <testcase classname="GenerateEventEmitterCpp can generate fixture SINGLE_COMPONENT_WITH_FLOAT_PROPS" name="GenerateEventEmitterCpp can generate fixture SINGLE_COMPONENT_WITH_FLOAT_PROPS" time="0">
    </testcase>
    <testcase classname="GenerateEventEmitterCpp can generate fixture SINGLE_COMPONENT_WITH_INTEGER_PROPS" name="GenerateEventEmitterCpp can generate fixture SINGLE_COMPONENT_WITH_INTEGER_PROPS" time="0.001">
    </testcase>
    <testcase classname="GenerateEventEmitterCpp can generate fixture SINGLE_COMPONENT_WITH_STRING_PROP" name="GenerateEventEmitterCpp can generate fixture SINGLE_COMPONENT_WITH_STRING_PROP" time="0">
    </testcase>
    <testcase classname="GenerateEventEmitterCpp can generate fixture TWO_COMPONENTS_DIFFERENT_FILES" name="GenerateEventEmitterCpp can generate fixture TWO_COMPONENTS_DIFFERENT_FILES" time="0.001">
    </testcase>
[...]
    </testcase>
    <testcase classname="GeneratePropsCpp can generate fixture TWO_COMPONENTS_SAME_FILE" name="GeneratePropsCpp can generate fixture TWO_COMPONENTS_SAME_FILE" time="0">
    </testcase>
  </testsuite>
  <testsuite name="Object (ES7)" errors="0" failures="0" skipped="0" timestamp="2019-02-09T00:27:10" time="0.187" tests="12">
    <testcase classname="Object (ES7) Object.entries should have a length of 1" name="Object (ES7) Object.entries should have a length of 1" time="0.002">
    </testcase>
    <testcase classname="Object (ES7) Object.entries should check for type" name="Object (ES7) Object.entries should check for type" time="0.002">
    </testcase>
    <testcase classname="Object (ES7) Object.entries should return enumerable entries" name="Object (ES7) Object.entries should return enumerable entries" time="0.002">
    </testcase>
    <testcase classname="Object (ES7) Object.entries should work with proto-less objects" name="Object (ES7) Object.entries should work with proto-less objects" time="0.004">
    </testcase>
    <testcase classname="Object (ES7) Object.entries should return only own entries" name="Object (ES7) Object.entries should return only own entries" time="0.001">
    </testcase>
    <testcase classname="Object (ES7) Object.entries should convert to object primitive string" name="Object (ES7) Object.entries should convert to object primitive string" time="0.001">
    </testcase>
    <testcase classname="Object (ES7) Object.values should have a length of 1" name="Object (ES7) Object.values should have a length of 1" time="0">
    </testcase>
    <testcase classname="Object (ES7) Object.values should check for type" name="Object (ES7) Object.values should check for type" time="0.001">
    </testcase>
    <testcase classname="Object (ES7) Object.values should return enumerable values" name="Object (ES7) Object.values should return enumerable values" time="0.001">
    </testcase>
    <testcase classname="Object (ES7) Object.values should work with proto-less objects" name="Object (ES7) Object.values should work with proto-less objects" time="0">
    </testcase>
    <testcase classname="Object (ES7) Object.values should return only own values" name="Object (ES7) Object.values should return only own values" time="0.001">
    </testcase>
    <testcase classname="Object (ES7) Object.values should convert to object primitive string" name="Object (ES7) Object.values should convert to object primitive string" time="0">
    </testcase>
  </testsuite>
  <testsuite name="mapWithSeparator" errors="0" failures="0" skipped="0" timestamp="2019-02-09T00:27:10" time="0.168" tests="3">
    <testcase classname="mapWithSeparator mapWithSeparator returns expected results" name="mapWithSeparator mapWithSeparator returns expected results" time="0.001">
    </testcase>
    <testcase classname="mapWithSeparator mapWithSeparator indices are correct" name="mapWithSeparator mapWithSeparator indices are correct" time="0">
    </testcase>
    <testcase classname="mapWithSeparator mapWithSeparator passes correct array and indices" name="mapWithSeparator mapWithSeparator passes correct array and indices" time="0.001">
    </testcase>
  </testsuite>
  <testsuite name="groupByEveryN" errors="0" failures="0" skipped="0" timestamp="2019-02-09T00:27:10" time="0.166" tests="2">
    <testcase classname="groupByEveryN should group by with different n" name="groupByEveryN should group by with different n" time="0.003">
    </testcase>
    <testcase classname="groupByEveryN should fill with null" name="groupByEveryN should fill with null" time="0.001">
    </testcase>
  </testsuite>
  <testsuite name="normalizeColor" errors="0" failures="0" skipped="0" timestamp="2019-02-09T00:27:10" time="0.195" tests="13">
    <testcase classname="normalizeColor should accept only spec compliant colors" name="normalizeColor should accept only spec compliant colors" time="0.004">
    </testcase>
    <testcase classname="normalizeColor should temporarly accept floating point values for rgb" name="normalizeColor should temporarly accept floating point values for rgb" time="0.001">
    </testcase>
    <testcase classname="normalizeColor should refuse non spec compliant colors" name="normalizeColor should refuse non spec compliant colors" time="0.003">
    </testcase>
    <testcase classname="normalizeColor should handle hex6 properly" name="normalizeColor should handle hex6 properly" time="0.001">
    </testcase>
    <testcase classname="normalizeColor should handle hex3 properly" name="normalizeColor should handle hex3 properly" time="0.001">
    </testcase>
    <testcase classname="normalizeColor should handle hex8 properly" name="normalizeColor should handle hex8 properly" time="0">
    </testcase>
    <testcase classname="normalizeColor should handle rgb properly" name="normalizeColor should handle rgb properly" time="0.001">
    </testcase>
    <testcase classname="normalizeColor should handle rgba properly" name="normalizeColor should handle rgba properly" time="0.001">
    </testcase>
    <testcase classname="normalizeColor should handle hsl properly" name="normalizeColor should handle hsl properly" time="0.001">
    </testcase>
    <testcase classname="normalizeColor should handle hsla properly" name="normalizeColor should handle hsla properly" time="0.001">
    </testcase>
    <testcase classname="normalizeColor should handle named colors properly" name="normalizeColor should handle named colors properly" time="0">
    </testcase>
    <testcase classname="normalizeColor should handle number colors properly" name="normalizeColor should handle number colors properly" time="0.001">
    </testcase>
    <testcase classname="normalizeColor should return the same color when it&apos;s already normalized" name="normalizeColor should return the same color when it&apos;s already normalized" time="0">
    </testcase>
  </testsuite>
  <testsuite name="setNormalizedColorAlpha" errors="0" failures="0" skipped="0" timestamp="2019-02-09T00:27:10" time="0.188" tests="4">
    <testcase classname="setNormalizedColorAlpha should adjust the alpha of the color passed in" name="setNormalizedColorAlpha should adjust the alpha of the color passed in" time="0.002">
    </testcase>
    <testcase classname="setNormalizedColorAlpha should clamp invalid input" name="setNormalizedColorAlpha should clamp invalid input" time="0.001">
    </testcase>
    <testcase classname="setNormalizedColorAlpha should ignore the color&apos;s original alpha" name="setNormalizedColorAlpha should ignore the color&apos;s original alpha" time="0">
    </testcase>
    <testcase classname="setNormalizedColorAlpha should return the original color when alpha is unchanged" name="setNormalizedColorAlpha should return the original color when alpha is unchanged" time="0.002">
    </testcase>
  </testsuite>
  <testsuite name="GenerateComponentDescriptorH" errors="0" failures="0" skipped="0" timestamp="2019-02-09T00:27:10" time="0.2" tests="9">
    <testcase classname="GenerateComponentDescriptorH can generate a single boolean prop" name="GenerateComponentDescriptorH can generate a single boolean prop" time="0.004">
    </testcase>
    <testcase classname="GenerateComponentDescriptorH can generate a single string prop" name="GenerateComponentDescriptorH can generate a single string prop" time="0">
    </testcase>
    <testcase classname="GenerateComponentDescriptorH can generate integer props" name="GenerateComponentDescriptorH can generate integer props" time="0.001">
    </testcase>
    <testcase classname="GenerateComponentDescriptorH can generate float props" name="GenerateComponentDescriptorH can generate float props" time="0">
    </testcase>
    <testcase classname="GenerateComponentDescriptorH can generate a single native primitive prop" name="GenerateComponentDescriptorH can generate a single native primitive prop" time="0.001">
    </testcase>
    <testcase classname="GenerateComponentDescriptorH can generate enum props" name="GenerateComponentDescriptorH can generate enum props" time="0">
    </testcase>
    <testcase classname="GenerateComponentDescriptorH can generate events" name="GenerateComponentDescriptorH can generate events" time="0">
    </testcase>
    <testcase classname="GenerateComponentDescriptorH supports two components from same module" name="GenerateComponentDescriptorH supports two components from same module" time="0.001">
    </testcase>
    <testcase classname="GenerateComponentDescriptorH supports two components from different modules" name="GenerateComponentDescriptorH supports two components from different modules" time="0">
    </testcase>
  </testsuite>
  <testsuite name="computeBlankness" errors="0" failures="0" skipped="0" timestamp="2019-02-09T00:27:10" time="0.194" tests="4">
    <testcase classname="computeBlankness computes correct blankness of viewport" name="computeBlankness computes correct blankness of viewport" time="0.009">
    </testcase>
    <testcase classname="computeBlankness skips frames that are not in layout" name="computeBlankness skips frames that are not in layout" time="0">
    </testcase>
    <testcase classname="computeBlankness sampling rate can disable" name="computeBlankness sampling rate can disable" time="0">
    </testcase>
    <testcase classname="computeBlankness can handle multiple listeners and unsubscribe" name="computeBlankness can handle multiple listeners and unsubscribe" time="0.005">
    </testcase>
  </testsuite>
  <testsuite name="GenerateShadowNodeCpp" errors="0" failures="0" skipped="0" timestamp="2019-02-09T00:27:11" time="0.18" tests="10">
    <testcase classname="GenerateShadowNodeCpp can generate fixture SINGLE_COMPONENT_WITH_BOOLEAN_PROP" name="GenerateShadowNodeCpp can generate fixture SINGLE_COMPONENT_WITH_BOOLEAN_PROP" time="0.003">
    </testcase>
    <testcase classname="GenerateShadowNodeCpp can generate fixture SINGLE_COMPONENT_WITH_COLOR_PROP" name="GenerateShadowNodeCpp can generate fixture SINGLE_COMPONENT_WITH_COLOR_PROP" time="0">
    </testcase>
    <testcase classname="GenerateShadowNodeCpp can generate fixture SINGLE_COMPONENT_WITH_ENUM_PROP" name="GenerateShadowNodeCpp can generate fixture SINGLE_COMPONENT_WITH_ENUM_PROP" time="0.001">
    </testcase>
    <testcase classname="GenerateShadowNodeCpp can generate fixture SINGLE_COMPONENT_WITH_EVENT_NESTED_OBJECT_PROPS" name="GenerateShadowNodeCpp can generate fixture SINGLE_COMPONENT_WITH_EVENT_NESTED_OBJECT_PROPS" time="0">
    </testcase>
    <testcase classname="GenerateShadowNodeCpp can generate fixture SINGLE_COMPONENT_WITH_EVENT_PROPS" name="GenerateShadowNodeCpp can generate fixture SINGLE_COMPONENT_WITH_EVENT_PROPS" time="0">
    </testcase>
    <testcase classname="GenerateShadowNodeCpp can generate fixture SINGLE_COMPONENT_WITH_FLOAT_PROPS" name="GenerateShadowNodeCpp can generate fixture SINGLE_COMPONENT_WITH_FLOAT_PROPS" time="0.001">
    </testcase>
    <testcase classname="GenerateShadowNodeCpp can generate fixture SINGLE_COMPONENT_WITH_INTEGER_PROPS" name="GenerateShadowNodeCpp can generate fixture SINGLE_COMPONENT_WITH_INTEGER_PROPS" time="0">
    </testcase>
    <testcase classname="GenerateShadowNodeCpp can generate fixture SINGLE_COMPONENT_WITH_STRING_PROP" name="GenerateShadowNodeCpp can generate fixture SINGLE_COMPONENT_WITH_STRING_PROP" time="0">
    </testcase>
    <testcase classname="GenerateShadowNodeCpp can generate fixture TWO_COMPONENTS_DIFFERENT_FILES" name="GenerateShadowNodeCpp can generate fixture TWO_COMPONENTS_DIFFERENT_FILES" time="0.001">
    </testcase>
    <testcase classname="GenerateShadowNodeCpp can generate fixture TWO_COMPONENTS_SAME_FILE" name="GenerateShadowNodeCpp can generate fixture TWO_COMPONENTS_SAME_FILE" time="0">
    </testcase>
  </testsuite>
  <testsuite name="TaskQueue" errors="0" failures="0" skipped="0" timestamp="2019-02-09T00:27:11" time="0.191" tests="6">
    <testcase classname="TaskQueue should run a basic task" name="TaskQueue should run a basic task" time="0.003">
    </testcase>
    <testcase classname="TaskQueue should handle blocking promise task" name="TaskQueue should handle blocking promise task" time="0.008">
    </testcase>
    <testcase classname="TaskQueue should handle nested simple tasks" name="TaskQueue should handle nested simple tasks" time="0.001">
    </testcase>
    <testcase classname="TaskQueue should handle nested promises" name="TaskQueue should handle nested promises" time="0.003">
    </testcase>
    <testcase classname="TaskQueue should be able to cancel tasks" name="TaskQueue should be able to cancel tasks" time="0.006">
    </testcase>
    <testcase classname="TaskQueue should not crash when last task is cancelled" name="TaskQueue should not crash when last task is cancelled" time="0">
    </testcase>
  </testsuite>
  <testsuite name="GenerateShadowNodeH" errors="0" failures="0" skipped="0" timestamp="2019-02-09T00:27:11" time="0.178" tests="10">
    <testcase classname="GenerateShadowNodeH can generate fixture SINGLE_COMPONENT_WITH_BOOLEAN_PROP" name="GenerateShadowNodeH can generate fixture SINGLE_COMPONENT_WITH_BOOLEAN_PROP" time="0.002">
    </testcase>
    <testcase classname="GenerateShadowNodeH can generate fixture SINGLE_COMPONENT_WITH_COLOR_PROP" name="GenerateShadowNodeH can generate fixture SINGLE_COMPONENT_WITH_COLOR_PROP" time="0.001">
    </testcase>
    <testcase classname="GenerateShadowNodeH can generate fixture SINGLE_COMPONENT_WITH_ENUM_PROP" name="GenerateShadowNodeH can generate fixture SINGLE_COMPONENT_WITH_ENUM_PROP" time="0">
    </testcase>
    <testcase classname="GenerateShadowNodeH can generate fixture SINGLE_COMPONENT_WITH_EVENT_NESTED_OBJECT_PROPS" name="GenerateShadowNodeH can generate fixture SINGLE_COMPONENT_WITH_EVENT_NESTED_OBJECT_PROPS" time="0.001">
    </testcase>
    <testcase classname="GenerateShadowNodeH can generate fixture SINGLE_COMPONENT_WITH_EVENT_PROPS" name="GenerateShadowNodeH can generate fixture SINGLE_COMPONENT_WITH_EVENT_PROPS" time="0">
    </testcase>
    <testcase classname="GenerateShadowNodeH can generate fixture SINGLE_COMPONENT_WITH_FLOAT_PROPS" name="GenerateShadowNodeH can generate fixture SINGLE_COMPONENT_WITH_FLOAT_PROPS" time="0">
    </testcase>
    <testcase classname="GenerateShadowNodeH can generate fixture SINGLE_COMPONENT_WITH_INTEGER_PROPS" name="GenerateShadowNodeH can generate fixture SINGLE_COMPONENT_WITH_INTEGER_PROPS" time="0.001">
    </testcase>
    <testcase classname="GenerateShadowNodeH can generate fixture SINGLE_COMPONENT_WITH_STRING_PROP" name="GenerateShadowNodeH can generate fixture SINGLE_COMPONENT_WITH_STRING_PROP" time="0">
    </testcase>
    <testcase classname="GenerateShadowNodeH can generate fixture TWO_COMPONENTS_DIFFERENT_FILES" name="GenerateShadowNodeH can generate fixture TWO_COMPONENTS_DIFFERENT_FILES" time="0">
    </testcase>
    <testcase classname="GenerateShadowNodeH can generate fixture TWO_COMPONENTS_SAME_FILE" name="GenerateShadowNodeH can generate fixture TWO_COMPONENTS_SAME_FILE" time="0.001">
    </testcase>
  </testsuite>
  <testsuite name="computeViewableItems" errors="0" failures="0" skipped="0" timestamp="2019-02-09T00:27:11" time="0.18" tests="12">
    <testcase classname="computeViewableItems returns all 4 entirely visible rows as viewable" name="computeViewableItems returns all 4 entirely visible rows as viewable" time="0.003">
    </testcase>
    <testcase classname="computeViewableItems returns top 2 rows as viewable (1. entirely visible and 2. majority)" name="computeViewableItems returns top 2 rows as viewable (1. entirely visible and 2. majority)" time="0.001">
    </testcase>
    <testcase classname="computeViewableItems returns only 2nd row as viewable (majority)" name="computeViewableItems returns only 2nd row as viewable (majority)" time="0">
    </testcase>
    <testcase classname="computeViewableItems handles empty input" name="computeViewableItems handles empty input" time="0">
    </testcase>
    <testcase classname="computeViewableItems handles different view area coverage percent thresholds" name="computeViewableItems handles different view area coverage percent thresholds" time="0.002">
    </testcase>
    <testcase classname="computeViewableItems handles different item visible percent thresholds" name="computeViewableItems handles different item visible percent thresholds" time="0.004">
    </testcase>
    <testcase classname="onUpdate returns 1 visible row as viewable then scrolls away" name="onUpdate returns 1 visible row as viewable then scrolls away" time="0.002">
    </testcase>
    <testcase classname="onUpdate returns 1st visible row then 1st and 2nd then just 2nd" name="onUpdate returns 1st visible row then 1st and 2nd then just 2nd" time="0.002">
    </testcase>
    <testcase classname="onUpdate minimumViewTime delays callback" name="onUpdate minimumViewTime delays callback" time="0.001">
    </testcase>
    <testcase classname="onUpdate minimumViewTime skips briefly visible items" name="onUpdate minimumViewTime skips briefly visible items" time="0">
    </testcase>
    <testcase classname="onUpdate waitForInteraction blocks callback until interaction" name="onUpdate waitForInteraction blocks callback until interaction" time="0">
    </testcase>
    <testcase classname="onUpdate returns the right visible row after the underlying data changed" name="onUpdate returns the right visible row after the underlying data changed" time="0.001">
    </testcase>
  </testsuite>
  <testsuite name="FormData" errors="0" failures="0" skipped="0" timestamp="2019-02-09T00:27:11" time="0.18" tests="2">
    <testcase classname="FormData should return non blob null" name="FormData should return non blob null" time="0.003">
    </testcase>
    <testcase classname="FormData should return blob" name="FormData should return blob" time="0">
    </testcase>
  </testsuite>
  <testsuite name="WebViewShared" errors="0" failures="0" skipped="0" timestamp="2019-02-09T00:27:11" time="0.172" tests="3">
    <testcase classname="WebViewShared extracts the origin correctly" name="WebViewShared extracts the origin correctly" time="0.003">
    </testcase>
    <testcase classname="WebViewShared rejects bad urls" name="WebViewShared rejects bad urls" time="0">
    </testcase>
    <testcase classname="WebViewShared creates a whitelist regex correctly" name="WebViewShared creates a whitelist regex correctly" time="0.003">
    </testcase>
  </testsuite>
  <testsuite name="YellowBoxSymbolication" errors="0" failures="0" skipped="0" timestamp="2019-02-09T00:27:11" time="0.196" tests="2">
    <testcase classname="YellowBoxSymbolication symbolicates different stacks" name="YellowBoxSymbolication symbolicates different stacks" time="0.006">
    </testcase>
    <testcase classname="YellowBoxSymbolication batch symbolicates equivalent stacks" name="YellowBoxSymbolication batch symbolicates equivalent stacks" time="0.002">
    </testcase>
  </testsuite>
  <testsuite name="parseErrorStack" errors="0" failures="0" skipped="0" timestamp="2019-02-09T00:27:11" time="0.202" tests="3">
    <testcase classname="parseErrorStack parses error stack" name="parseErrorStack parses error stack" time="0.006">
    </testcase>
    <testcase classname="parseErrorStack supports framesToPop" name="parseErrorStack supports framesToPop" time="0.001">
    </testcase>
    <testcase classname="parseErrorStack ignores bad inputs" name="parseErrorStack ignores bad inputs" time="0">
    </testcase>
  </testsuite>
  <testsuite name="setActiveScene" errors="0" failures="0" skipped="0" timestamp="2019-02-09T00:27:11" time="0.159" tests="1">
    <testcase classname="setActiveScene can handle multiple listeners and unsubscribe" name="setActiveScene can handle multiple listeners and unsubscribe" time="0.002">
    </testcase>
  </testsuite>
</testsuites>